2024-04-29T09:18:02.548+05:30  INFO 13412 --- [demo] [File Watcher] rtingClassPathChangeChangedEventListener : Restarting due to 1 class path change (0 additions, 0 deletions, 1 modification)
2024-04-29T09:18:02.579+05:30  INFO 13412 --- [demo] [Thread-19] j.LocalContainerEntityManagerFactoryBean : Closing JPA EntityManagerFactory for persistence unit 'default'
2024-04-29T09:18:02.582+05:30  INFO 13412 --- [demo] [Thread-19] com.zaxxer.hikari.HikariDataSource       : HikariPool-4 - Shutdown initiated...
2024-04-29T09:18:02.596+05:30  INFO 13412 --- [demo] [Thread-19] com.zaxxer.hikari.HikariDataSource       : HikariPool-4 - Shutdown completed.
2024-04-29T09:18:02.791+05:30  INFO 13412 --- [demo] [restartedMain] com.example.demo.DemoApplication         : Starting DemoApplication using Java 17.0.10 with PID 13412 (C:\Users\HP\OneDrive\Desktop\727723EUCS502 DAY 14\727723EUCS502  DAY14\project\demo\target\classes started by HP in C:\Users\HP\OneDrive\Desktop\727723EUCS502 DAY 14\727723EUCS502  DAY14)
2024-04-29T09:18:02.798+05:30 DEBUG 13412 --- [demo] [restartedMain] com.example.demo.DemoApplication         : Running with Spring Boot v3.2.5, Spring v6.1.6
2024-04-29T09:18:02.800+05:30  INFO 13412 --- [demo] [restartedMain] com.example.demo.DemoApplication         : No active profile set, falling back to 1 default profile: "default"
2024-04-29T09:18:03.661+05:30  INFO 13412 --- [demo] [restartedMain] .s.d.r.c.RepositoryConfigurationDelegate : Bootstrapping Spring Data JPA repositories in DEFAULT mode.
2024-04-29T09:18:03.689+05:30  INFO 13412 --- [demo] [restartedMain] .s.d.r.c.RepositoryConfigurationDelegate : Finished Spring Data repository scanning in 26 ms. Found 2 JPA repository interfaces.
2024-04-29T09:18:03.936+05:30  INFO 13412 --- [demo] [restartedMain] o.s.b.w.embedded.tomcat.TomcatWebServer  : Tomcat initialized with port 8080 (http)
2024-04-29T09:18:03.939+05:30  INFO 13412 --- [demo] [restartedMain] o.apache.catalina.core.StandardService   : Starting service [Tomcat]
2024-04-29T09:18:03.940+05:30  INFO 13412 --- [demo] [restartedMain] o.apache.catalina.core.StandardEngine    : Starting Servlet engine: [Apache Tomcat/10.1.20]
2024-04-29T09:18:04.091+05:30  INFO 13412 --- [demo] [restartedMain] o.a.c.c.C.[Tomcat].[localhost].[/]       : Initializing Spring embedded WebApplicationContext
2024-04-29T09:18:04.103+05:30  INFO 13412 --- [demo] [restartedMain] w.s.c.ServletWebServerApplicationContext : Root WebApplicationContext: initialization completed in 1254 ms
2024-04-29T09:18:04.239+05:30  INFO 13412 --- [demo] [restartedMain] o.hibernate.jpa.internal.util.LogHelper  : HHH000204: Processing PersistenceUnitInfo [name: default]
2024-04-29T09:18:04.352+05:30  INFO 13412 --- [demo] [restartedMain] o.h.c.internal.RegionFactoryInitiator    : HHH000026: Second-level cache disabled
2024-04-29T09:18:04.634+05:30  INFO 13412 --- [demo] [restartedMain] o.s.o.j.p.SpringPersistenceUnitInfo      : No LoadTimeWeaver setup: ignoring JPA class transformer
2024-04-29T09:18:04.672+05:30  INFO 13412 --- [demo] [restartedMain] com.zaxxer.hikari.HikariDataSource       : HikariPool-5 - Starting...
2024-04-29T09:18:04.770+05:30  INFO 13412 --- [demo] [restartedMain] com.zaxxer.hikari.pool.HikariPool        : HikariPool-5 - Added connection com.mysql.cj.jdbc.ConnectionImpl@56112e99
2024-04-29T09:18:04.771+05:30  INFO 13412 --- [demo] [restartedMain] com.zaxxer.hikari.HikariDataSource       : HikariPool-5 - Start completed.
2024-04-29T09:18:04.773+05:30  WARN 13412 --- [demo] [restartedMain] org.hibernate.orm.deprecation            : HHH90000025: MySQL8Dialect does not need to be specified explicitly using 'hibernate.dialect' (remove the property setting and it will be selected by default)
2024-04-29T09:18:04.774+05:30  WARN 13412 --- [demo] [restartedMain] org.hibernate.orm.deprecation            : HHH90000026: MySQL8Dialect has been deprecated; use org.hibernate.dialect.MySQLDialect instead
2024-04-29T09:18:05.163+05:30  INFO 13412 --- [demo] [restartedMain] o.h.e.t.j.p.i.JtaPlatformInitiator       : HHH000489: No JTA platform available (set 'hibernate.transaction.jta.platform' to enable JTA platform integration)
2024-04-29T09:18:05.194+05:30  INFO 13412 --- [demo] [restartedMain] j.LocalContainerEntityManagerFactoryBean : Initialized JPA EntityManagerFactory for persistence unit 'default'
2024-04-29T09:18:05.568+05:30  WARN 13412 --- [demo] [restartedMain] JpaBaseConfiguration$JpaWebConfiguration : spring.jpa.open-in-view is enabled by default. Therefore, database queries may be performed during view rendering. Explicitly configure spring.jpa.open-in-view to disable this warning
2024-04-29T09:18:05.889+05:30  INFO 13412 --- [demo] [restartedMain] o.s.b.d.a.OptionalLiveReloadServer       : LiveReload server is running on port 35729
2024-04-29T09:18:05.918+05:30  INFO 13412 --- [demo] [restartedMain] o.s.b.w.embedded.tomcat.TomcatWebServer  : Tomcat started on port 8080 (http) with context path ''
2024-04-29T09:18:05.954+05:30  INFO 13412 --- [demo] [restartedMain] com.example.demo.DemoApplication         : Started DemoApplication in 3.258 seconds (process running for 876.143)
2024-04-29T09:18:05.967+05:30  INFO 13412 --- [demo] [restartedMain] .ConditionEvaluationDeltaLoggingListener : Condition evaluation unchanged
